#-----------------------------------------------------------
# Vivado v2021.1 (64-bit)
# SW Build 3247384 on Thu Jun 10 19:36:07 MDT 2021
# IP Build 3246043 on Fri Jun 11 00:30:35 MDT 2021
# Start of session at: Tue Jun 21 17:50:56 2022
# Process ID: 21545
# Current directory: /home/jkocz/working/xilinx_ssr/xil_ssr_8in
# Command line: vivado -mode batch -source ProjectGeneration.tcl -notrace
# Log file: /home/jkocz/working/xilinx_ssr/xil_ssr_8in/vivado.log
# Journal file: /home/jkocz/working/xilinx_ssr/xil_ssr_8in/vivado.jou
#-----------------------------------------------------------
source ProjectGeneration.tcl -notrace
IP Repository Located at : /data/Xilinx/Vivado/2021.1/data/ip
WARNING: [filemgmt 56-3] Default IP Output Path : Could not find the directory '/home/jkocz/working/xilinx_ssr/xil_ssr_8in/ip_catalog/xil_ssr_8in.gen/sources_1'.
Scanning sources...
Finished scanning sources
WARNING: [Coretcl 2-176] No IPs found
Adding File /home/jkocz/working/xilinx_ssr/xil_ssr_8in/sysgen/xil_ssr_8in.xdc
INFO: [IP_Flow 19-234] Refreshing IP repositories
INFO: [IP_Flow 19-1704] No user IP repositories specified
INFO: [IP_Flow 19-2313] Loaded Vivado IP repository '/data/Xilinx/Vivado/2021.1/data/ip'.
INFO: [IP_Flow 19-5107] Inferred bus interface 'clk' of definition 'xilinx.com:signal:clock:1.0' (from TCL Argument).
WARNING: [IP_Flow 19-5661] Bus Interface 'clk' does not have any bus interfaces associated with it.
INFO: [IP_Flow 19-2181] Payment Required is not set for this core.
INFO: [IP_Flow 19-2187] The Product Guide file is missing.
INFO: [Ipptcl 7-1486] check_integrity: Integrity check passed.
WARNING: [Coretcl 2-176] No IPs found
INFO: [IP_Flow 19-234] Refreshing IP repositories
INFO: [IP_Flow 19-1700] Loaded user IP repository '/home/jkocz/working/xilinx_ssr/xil_ssr_8in/ip'.
WARNING: [IP_Flow 19-3656] If you move the project, the path for repository '/home/jkocz/working/xilinx_ssr/xil_ssr_8in/ip' may become invalid. A better location for the repository would be in a path adjacent to the project. (Current project location is '/home/jkocz/working/xilinx_ssr/xil_ssr_8in/ip_catalog'.)
0
Wrote  : </home/jkocz/working/xilinx_ssr/xil_ssr_8in/ip_catalog/xil_ssr_8in.srcs/sources_1/bd/xil_ssr_8in_bd/xil_ssr_8in_bd.bd> 
WARNING: [BD 5-232] No interface pins matched 'get_bd_intf_pins /xil_ssr_8in_1/*'
WARNING: [BD 5-232] No interface pins matched 'get_bd_intf_pins /xil_ssr_8in_1/*'
WARNING: [BD 5-670] It is required to provide a frequency value for a user created input clock port. Please use the <-freq_hz $freq_val> argument of the create_bd_port command. ie create_bd_port -dir I -type clk -freq_hz 100000000 clkin
WARNING: [BD 5-232] No interface pins matched 'get_bd_intf_pins /xil_ssr_8in_1/*'
Wrote  : </home/jkocz/working/xilinx_ssr/xil_ssr_8in/ip_catalog/xil_ssr_8in.srcs/sources_1/bd/xil_ssr_8in_bd/xil_ssr_8in_bd.bd> 
INFO: [Common 17-206] Exiting Vivado at Tue Jun 21 17:51:15 2022...
